<?xml version="1.0" encoding="UTF-8"?>
<!-- Generated by org.testng.reporters.JUnitReportReporter -->
<testsuite hostname="DESKTOP-K2UK4PN" failures="0" tests="1" name="test.Verify_Employee_Subscription_Form_Heading" time="2.099" errors="0" timestamp="23 Jan 2022 04:44:39 GMT" skipped="0">
  <testcase classname="test.Verify_Employee_Subscription_Form_Heading" name="verify_Employee_Subscription_Form_Heading_Test" time="2.099"/>
</testsuite> <!-- test.Verify_Employee_Subscription_Form_Heading -->
