<?xml version="1.0" encoding="UTF-8"?>
<!-- Generated by org.testng.reporters.JUnitReportReporter -->
<testsuite hostname="LAPTOP-3BSBMPRO" failures="0" tests="1" name="test.Verify_First_Name_Entry" time="0.405" errors="0" timestamp="05 Dec 2021 04:22:34 GMT" skipped="0">
  <testcase classname="test.Verify_First_Name_Entry" name="verify_First_Name_Entry_Test" time="0.405"/>
</testsuite> <!-- test.Verify_First_Name_Entry -->
