<?xml version="1.0" encoding="UTF-8"?>
<!-- Generated by org.testng.reporters.JUnitReportReporter -->
<testsuite hostname="LAPTOP-3BSBMPRO" failures="0" tests="1" name="test.Verify_Employee_Subscription_Form_Heading" time="0.568" errors="0" timestamp="05 Dec 2021 04:22:34 GMT" skipped="0">
  <testcase classname="test.Verify_Employee_Subscription_Form_Heading" name="verify_Employee_Subscription_Form_Heading_Test" time="0.568"/>
</testsuite> <!-- test.Verify_Employee_Subscription_Form_Heading -->
